1737331392.027667 client started (5932): version 3.5a, socket /private/tmp/tmux-501/default, protocol 8
1737331392.027789 on Darwin 23.6.0 Darwin Kernel Version 23.6.0: Fri Jul  5 18:01:46 PDT 2024; root:xnu-10063.141.1~2/RELEASE_ARM64_T8112
1737331392.027814 using libevent 2.1.12-stable select
1737331392.027893 using utf8proc 2.10.0
1737331392.027922 using ncurses 6.5 20240427
1737331392.027956 flags are 0x18010000
1737331392.027976 socket is /private/tmp/tmux-501/default
1737331392.028000 trying connect
1737331392.028033 connect failed: No such file or directory
1737331392.028058 lock file is /private/tmp/tmux-501/default.lock
1737331392.028201 flock succeeded
1737331392.028219 got lock (6)
1737331392.028236 trying connect
1737331392.028259 connect failed: No such file or directory
1737331392.028689 add peer 0x138048000: 7 (0x0)
1737331392.032077 sending message 111 to peer 0x138048000 (8 bytes)
1737331392.032098 sending message 111 to peer 0x138048000 (8 bytes)
1737331392.032111 sending message 101 to peer 0x138048000 (15 bytes)
1737331392.032123 sending message 109 to peer 0x138048000 (4 bytes)
1737331392.032136 sending message 102 to peer 0x138048000 (13 bytes)
1737331392.032151 sending message 108 to peer 0x138048000 (41 bytes)
1737331392.032164 sending message 112 to peer 0x138048000 (58 bytes)
1737331392.032176 sending message 112 to peer 0x138048000 (5 bytes)
1737331392.032189 sending message 112 to peer 0x138048000 (5 bytes)
1737331392.032201 sending message 112 to peer 0x138048000 (6 bytes)
1737331392.032213 sending message 112 to peer 0x138048000 (6 bytes)
1737331392.032225 sending message 112 to peer 0x138048000 (11 bytes)
1737331392.032237 sending message 112 to peer 0x138048000 (10 bytes)
1737331392.032250 sending message 112 to peer 0x138048000 (13 bytes)
1737331392.032262 sending message 112 to peer 0x138048000 (14 bytes)
1737331392.032274 sending message 112 to peer 0x138048000 (19 bytes)
1737331392.032285 sending message 112 to peer 0x138048000 (11 bytes)
1737331392.032298 sending message 112 to peer 0x138048000 (10 bytes)
1737331392.032310 sending message 112 to peer 0x138048000 (15 bytes)
1737331392.032323 sending message 112 to peer 0x138048000 (21 bytes)
1737331392.032334 sending message 112 to peer 0x138048000 (13 bytes)
1737331392.032345 sending message 112 to peer 0x138048000 (7 bytes)
1737331392.032356 sending message 112 to peer 0x138048000 (13 bytes)
1737331392.032369 sending message 112 to peer 0x138048000 (7 bytes)
1737331392.032380 sending message 112 to peer 0x138048000 (13 bytes)
1737331392.032390 sending message 112 to peer 0x138048000 (9 bytes)
1737331392.032407 sending message 112 to peer 0x138048000 (21 bytes)
1737331392.032420 sending message 112 to peer 0x138048000 (13 bytes)
1737331392.032432 sending message 112 to peer 0x138048000 (9 bytes)
1737331392.032444 sending message 112 to peer 0x138048000 (16 bytes)
1737331392.032461 sending message 112 to peer 0x138048000 (13 bytes)
1737331392.032473 sending message 112 to peer 0x138048000 (9 bytes)
1737331392.032485 sending message 112 to peer 0x138048000 (9 bytes)
1737331392.032497 sending message 112 to peer 0x138048000 (12 bytes)
1737331392.032508 sending message 112 to peer 0x138048000 (8 bytes)
1737331392.032519 sending message 112 to peer 0x138048000 (8 bytes)
1737331392.032531 sending message 112 to peer 0x138048000 (13 bytes)
1737331392.032548 sending message 112 to peer 0x138048000 (7 bytes)
1737331392.032560 sending message 112 to peer 0x138048000 (7 bytes)
1737331392.032572 sending message 112 to peer 0x138048000 (9 bytes)
1737331392.032585 sending message 112 to peer 0x138048000 (9 bytes)
1737331392.032597 sending message 112 to peer 0x138048000 (15 bytes)
1737331392.032609 sending message 112 to peer 0x138048000 (13 bytes)
1737331392.032622 sending message 112 to peer 0x138048000 (12 bytes)
1737331392.032634 sending message 112 to peer 0x138048000 (8 bytes)
1737331392.032646 sending message 112 to peer 0x138048000 (14 bytes)
1737331392.032658 sending message 112 to peer 0x138048000 (11 bytes)
1737331392.032671 sending message 112 to peer 0x138048000 (9 bytes)
1737331392.032708 sending message 112 to peer 0x138048000 (10 bytes)
1737331392.032715 sending message 112 to peer 0x138048000 (10 bytes)
1737331392.032721 sending message 112 to peer 0x138048000 (10 bytes)
1737331392.032728 sending message 112 to peer 0x138048000 (10 bytes)
1737331392.032736 sending message 112 to peer 0x138048000 (11 bytes)
1737331392.032743 sending message 112 to peer 0x138048000 (12 bytes)
1737331392.032750 sending message 112 to peer 0x138048000 (12 bytes)
1737331392.032757 sending message 112 to peer 0x138048000 (12 bytes)
1737331392.032763 sending message 112 to peer 0x138048000 (12 bytes)
1737331392.032771 sending message 112 to peer 0x138048000 (12 bytes)
1737331392.032777 sending message 112 to peer 0x138048000 (11 bytes)
1737331392.032784 sending message 112 to peer 0x138048000 (11 bytes)
1737331392.032791 sending message 112 to peer 0x138048000 (12 bytes)
1737331392.032798 sending message 112 to peer 0x138048000 (12 bytes)
1737331392.032805 sending message 112 to peer 0x138048000 (12 bytes)
1737331392.032812 sending message 112 to peer 0x138048000 (12 bytes)
1737331392.032818 sending message 112 to peer 0x138048000 (12 bytes)
1737331392.032826 sending message 112 to peer 0x138048000 (9 bytes)
1737331392.032832 sending message 112 to peer 0x138048000 (12 bytes)
1737331392.032839 sending message 112 to peer 0x138048000 (13 bytes)
1737331392.032846 sending message 112 to peer 0x138048000 (13 bytes)
1737331392.032852 sending message 112 to peer 0x138048000 (13 bytes)
1737331392.032859 sending message 112 to peer 0x138048000 (13 bytes)
1737331392.032865 sending message 112 to peer 0x138048000 (13 bytes)
1737331392.032890 sending message 112 to peer 0x138048000 (8 bytes)
1737331392.032901 sending message 112 to peer 0x138048000 (11 bytes)
1737331392.032952 sending message 112 to peer 0x138048000 (11 bytes)
1737331392.032962 sending message 112 to peer 0x138048000 (11 bytes)
1737331392.032969 sending message 112 to peer 0x138048000 (12 bytes)
1737331392.032976 sending message 112 to peer 0x138048000 (12 bytes)
1737331392.032983 sending message 112 to peer 0x138048000 (12 bytes)
1737331392.032990 sending message 112 to peer 0x138048000 (12 bytes)
1737331392.032998 sending message 112 to peer 0x138048000 (13 bytes)
1737331392.033004 sending message 112 to peer 0x138048000 (13 bytes)
1737331392.033011 sending message 112 to peer 0x138048000 (13 bytes)
1737331392.033018 sending message 112 to peer 0x138048000 (8 bytes)
1737331392.033025 sending message 112 to peer 0x138048000 (13 bytes)
1737331392.033032 sending message 112 to peer 0x138048000 (13 bytes)
1737331392.033039 sending message 112 to peer 0x138048000 (13 bytes)
1737331392.033046 sending message 112 to peer 0x138048000 (13 bytes)
1737331392.033054 sending message 112 to peer 0x138048000 (13 bytes)
1737331392.033062 sending message 112 to peer 0x138048000 (12 bytes)
1737331392.033069 sending message 112 to peer 0x138048000 (12 bytes)
1737331392.033076 sending message 112 to peer 0x138048000 (12 bytes)
1737331392.033083 sending message 112 to peer 0x138048000 (12 bytes)
1737331392.033090 sending message 112 to peer 0x138048000 (13 bytes)
1737331392.033097 sending message 112 to peer 0x138048000 (8 bytes)
1737331392.033104 sending message 112 to peer 0x138048000 (13 bytes)
1737331392.033111 sending message 112 to peer 0x138048000 (13 bytes)
1737331392.033118 sending message 112 to peer 0x138048000 (13 bytes)
1737331392.033125 sending message 112 to peer 0x138048000 (13 bytes)
1737331392.033132 sending message 112 to peer 0x138048000 (13 bytes)
1737331392.033139 sending message 112 to peer 0x138048000 (13 bytes)
1737331392.033147 sending message 112 to peer 0x138048000 (13 bytes)
1737331392.033153 sending message 112 to peer 0x138048000 (12 bytes)
1737331392.033160 sending message 112 to peer 0x138048000 (12 bytes)
1737331392.033167 sending message 112 to peer 0x138048000 (12 bytes)
1737331392.033174 sending message 112 to peer 0x138048000 (8 bytes)
1737331392.033181 sending message 112 to peer 0x138048000 (12 bytes)
1737331392.033208 sending message 112 to peer 0x138048000 (13 bytes)
1737331392.033215 sending message 112 to peer 0x138048000 (13 bytes)
1737331392.033222 sending message 112 to peer 0x138048000 (13 bytes)
1737331392.033229 sending message 112 to peer 0x138048000 (13 bytes)
1737331392.033236 sending message 112 to peer 0x138048000 (13 bytes)
1737331392.033243 sending message 112 to peer 0x138048000 (13 bytes)
1737331392.033250 sending message 112 to peer 0x138048000 (13 bytes)
1737331392.033256 sending message 112 to peer 0x138048000 (13 bytes)
1737331392.033263 sending message 112 to peer 0x138048000 (12 bytes)
1737331392.033270 sending message 112 to peer 0x138048000 (10 bytes)
1737331392.033277 sending message 112 to peer 0x138048000 (12 bytes)
1737331392.033283 sending message 112 to peer 0x138048000 (12 bytes)
1737331392.033291 sending message 112 to peer 0x138048000 (12 bytes)
1737331392.033297 sending message 112 to peer 0x138048000 (13 bytes)
1737331392.033303 sending message 112 to peer 0x138048000 (13 bytes)
1737331392.033309 sending message 112 to peer 0x138048000 (13 bytes)
1737331392.033316 sending message 112 to peer 0x138048000 (13 bytes)
1737331392.033323 sending message 112 to peer 0x138048000 (13 bytes)
1737331392.033328 sending message 112 to peer 0x138048000 (13 bytes)
1737331392.033335 sending message 112 to peer 0x138048000 (13 bytes)
1737331392.033341 sending message 112 to peer 0x138048000 (10 bytes)
1737331392.033348 sending message 112 to peer 0x138048000 (13 bytes)
1737331392.033354 sending message 112 to peer 0x138048000 (12 bytes)
1737331392.033365 sending message 112 to peer 0x138048000 (12 bytes)
1737331392.033373 sending message 112 to peer 0x138048000 (12 bytes)
1737331392.033380 sending message 112 to peer 0x138048000 (10 bytes)
1737331392.033387 sending message 112 to peer 0x138048000 (10 bytes)
1737331392.033393 sending message 112 to peer 0x138048000 (10 bytes)
1737331392.033400 sending message 112 to peer 0x138048000 (12 bytes)
1737331392.033407 sending message 112 to peer 0x138048000 (13 bytes)
1737331392.033415 sending message 112 to peer 0x138048000 (13 bytes)
1737331392.033422 sending message 112 to peer 0x138048000 (13 bytes)
1737331392.033429 sending message 112 to peer 0x138048000 (13 bytes)
1737331392.033435 sending message 112 to peer 0x138048000 (13 bytes)
1737331392.033443 sending message 112 to peer 0x138048000 (10 bytes)
1737331392.033450 sending message 112 to peer 0x138048000 (11 bytes)
1737331392.033457 sending message 112 to peer 0x138048000 (12 bytes)
1737331392.033463 sending message 112 to peer 0x138048000 (12 bytes)
1737331392.033471 sending message 112 to peer 0x138048000 (12 bytes)
1737331392.033477 sending message 112 to peer 0x138048000 (12 bytes)
1737331392.033485 sending message 112 to peer 0x138048000 (12 bytes)
1737331392.033492 sending message 112 to peer 0x138048000 (11 bytes)
1737331392.033499 sending message 112 to peer 0x138048000 (12 bytes)
1737331392.033506 sending message 112 to peer 0x138048000 (12 bytes)
1737331392.033514 sending message 112 to peer 0x138048000 (13 bytes)
1737331392.033521 sending message 112 to peer 0x138048000 (13 bytes)
1737331392.033529 sending message 112 to peer 0x138048000 (13 bytes)
1737331392.033535 sending message 112 to peer 0x138048000 (13 bytes)
1737331392.033542 sending message 112 to peer 0x138048000 (13 bytes)
1737331392.033549 sending message 112 to peer 0x138048000 (10 bytes)
1737331392.033555 sending message 112 to peer 0x138048000 (9 bytes)
1737331392.033562 sending message 112 to peer 0x138048000 (12 bytes)
1737331392.033569 sending message 112 to peer 0x138048000 (13 bytes)
1737331392.033577 sending message 112 to peer 0x138048000 (13 bytes)
1737331392.033593 sending message 112 to peer 0x138048000 (13 bytes)
1737331392.033600 sending message 112 to peer 0x138048000 (13 bytes)
1737331392.033606 sending message 112 to peer 0x138048000 (13 bytes)
1737331392.033639 sending message 112 to peer 0x138048000 (9 bytes)
1737331392.033647 sending message 112 to peer 0x138048000 (12 bytes)
1737331392.033650 sending message 112 to peer 0x138048000 (13 bytes)
1737331392.033669 sending message 112 to peer 0x138048000 (13 bytes)
1737331392.033672 sending message 112 to peer 0x138048000 (13 bytes)
1737331392.033675 sending message 112 to peer 0x138048000 (13 bytes)
1737331392.033677 sending message 112 to peer 0x138048000 (13 bytes)
1737331392.033679 sending message 112 to peer 0x138048000 (11 bytes)
1737331392.033681 sending message 112 to peer 0x138048000 (12 bytes)
1737331392.033684 sending message 112 to peer 0x138048000 (13 bytes)
1737331392.033686 sending message 112 to peer 0x138048000 (13 bytes)
1737331392.033688 sending message 112 to peer 0x138048000 (13 bytes)
1737331392.033690 sending message 112 to peer 0x138048000 (13 bytes)
1737331392.033692 sending message 112 to peer 0x138048000 (13 bytes)
1737331392.033694 sending message 112 to peer 0x138048000 (11 bytes)
1737331392.033697 sending message 112 to peer 0x138048000 (12 bytes)
1737331392.033699 sending message 112 to peer 0x138048000 (12 bytes)
1737331392.033701 sending message 112 to peer 0x138048000 (12 bytes)
1737331392.033703 sending message 112 to peer 0x138048000 (12 bytes)
1737331392.033705 sending message 112 to peer 0x138048000 (12 bytes)
1737331392.033707 sending message 112 to peer 0x138048000 (21 bytes)
1737331392.033713 sending message 112 to peer 0x138048000 (12 bytes)
1737331392.033715 sending message 112 to peer 0x138048000 (9 bytes)
1737331392.033717 sending message 112 to peer 0x138048000 (6 bytes)
1737331392.033719 sending message 112 to peer 0x138048000 (13 bytes)
1737331392.033722 sending message 112 to peer 0x138048000 (10 bytes)
1737331392.033766 sending message 112 to peer 0x138048000 (24 bytes)
1737331392.033830 sending message 112 to peer 0x138048000 (13 bytes)
1737331392.033843 sending message 112 to peer 0x138048000 (9 bytes)
1737331392.033853 sending message 112 to peer 0x138048000 (70 bytes)
1737331392.033868 sending message 112 to peer 0x138048000 (69 bytes)
1737331392.033877 sending message 112 to peer 0x138048000 (12 bytes)
1737331392.033886 sending message 112 to peer 0x138048000 (10 bytes)
1737331392.033895 sending message 112 to peer 0x138048000 (10 bytes)
1737331392.033903 sending message 112 to peer 0x138048000 (24 bytes)
1737331392.033912 sending message 112 to peer 0x138048000 (13 bytes)
1737331392.033941 sending message 112 to peer 0x138048000 (10 bytes)
1737331392.033947 sending message 112 to peer 0x138048000 (10 bytes)
1737331392.033950 sending message 112 to peer 0x138048000 (10 bytes)
1737331392.033953 sending message 112 to peer 0x138048000 (13 bytes)
1737331392.033955 sending message 112 to peer 0x138048000 (15 bytes)
1737331392.033958 sending message 112 to peer 0x138048000 (5 bytes)
1737331392.033962 sending message 104 to peer 0x138048000 (0 bytes)
1737331392.034092 sending message 110 to peer 0x138048000 (0 bytes)
1737331392.034100 sending message 107 to peer 0x138048000 (4 bytes)
1737331392.034103 sending message 105 to peer 0x138048000 (40 bytes)
1737331392.034105 sending message 105 to peer 0x138048000 (57 bytes)
1737331392.034110 sending message 105 to peer 0x138048000 (14 bytes)
1737331392.034113 sending message 105 to peer 0x138048000 (54 bytes)
1737331392.034116 sending message 105 to peer 0x138048000 (20 bytes)
1737331392.034118 sending message 105 to peer 0x138048000 (64 bytes)
1737331392.034121 sending message 105 to peer 0x138048000 (24 bytes)
1737331392.034124 sending message 105 to peer 0x138048000 (66 bytes)
1737331392.034129 sending message 105 to peer 0x138048000 (19 bytes)
1737331392.034132 sending message 105 to peer 0x138048000 (28 bytes)
1737331392.034135 sending message 105 to peer 0x138048000 (25 bytes)
1737331392.034137 sending message 105 to peer 0x138048000 (53 bytes)
1737331392.034140 sending message 105 to peer 0x138048000 (15 bytes)
1737331392.034143 sending message 105 to peer 0x138048000 (23 bytes)
1737331392.034145 sending message 105 to peer 0x138048000 (19 bytes)
1737331392.034148 sending message 105 to peer 0x138048000 (16 bytes)
1737331392.034151 sending message 105 to peer 0x138048000 (432 bytes)
1737331392.034172 sending message 105 to peer 0x138048000 (8 bytes)
1737331392.034175 sending message 105 to peer 0x138048000 (45 bytes)
1737331392.034177 sending message 105 to peer 0x138048000 (25 bytes)
1737331392.034180 sending message 105 to peer 0x138048000 (30 bytes)
1737331392.034183 sending message 105 to peer 0x138048000 (37 bytes)
1737331392.034185 sending message 105 to peer 0x138048000 (34 bytes)
1737331392.034188 sending message 105 to peer 0x138048000 (35 bytes)
1737331392.034191 sending message 105 to peer 0x138048000 (33 bytes)
1737331392.034193 sending message 105 to peer 0x138048000 (11 bytes)
1737331392.034196 sending message 105 to peer 0x138048000 (8 bytes)
1737331392.034198 sending message 105 to peer 0x138048000 (32 bytes)
1737331392.034201 sending message 105 to peer 0x138048000 (96 bytes)
1737331392.034206 sending message 105 to peer 0x138048000 (17 bytes)
1737331392.034209 sending message 105 to peer 0x138048000 (25 bytes)
1737331392.034212 sending message 106 to peer 0x138048000 (0 bytes)
1737331392.034249 sending message 200 to peer 0x138048000 (4 bytes)
1737331392.034253 client loop enter
1737331392.034363 client_signal: Child exited: 20
1737331392.087746 peer 0x138048000 message 207
1737331392.087754 sending message 208 to peer 0x138048000 (0 bytes)
